


ARM Macro Assembler    Page 1 


    1 00000000 40023800 
                       RCC_BASE
                               EQU              0x40023800
    2 00000000 00000030 
                       RCC_AHB1ENR_OFFSET
                               EQU              0x30
    3 00000000 40023830 
                       RCC_AHB1ENR
                               EQU              RCC_AHB1ENR_OFFSET + RCC_BASE
    4 00000000         
    5 00000000 40020C00 
                       GPIOD_BASE
                               EQU              0x40020C00
    6 00000000 40020C00 
                       GPIOD_MODER
                               EQU              GPIOD_BASE + 0x00
    7 00000000 40020C04 
                       GPIOD_OTYPER
                               EQU              GPIOD_BASE + 0x04
    8 00000000 40020C08 
                       GPIOD_OSPEEDR
                               EQU              GPIOD_BASE + 0x08
    9 00000000 40020C0C 
                       GPIOD_PUPDR
                               EQU              GPIOD_BASE + 0x0C
   10 00000000 40020C14 
                       GPIOD_ODR
                               EQU              GPIOD_BASE + 0x14
   11 00000000         
   12 00000000 40000000 
                       MODER15_OPP
                               EQU              1<<30       ; Mode output_pushp
                                                            ull
   13 00000000 000F4240 
                       ONESECOND
                               EQU              1000000
   14 00000000         
   15 00000000                 AREA             |.text|, CODE, READONLY, ALIGN=
2
   16 00000000                 THUMB
   17 00000000                 EXPORT           __main
   18 00000000         
   19 00000000         __main
   20 00000000         ; Enable GPIOD Clock
   21 00000000 4815            LDR              R0, =RCC_AHB1ENR
   22 00000002 6801            LDR              R1, [R0]
   23 00000004 F041 0108       ORR              R1, R1, #1<<3 ; RCC->AHB1ENR |=
                                                             (1<<3)
   24 00000008 6001            STR              R1, [R0]
   25 0000000A         
   26 0000000A         ; Configure GPIOD Pin 1 as Output
   27 0000000A 4814            LDR              R0, =GPIOD_MODER
   28 0000000C 6801            LDR              R1, [R0]
   29 0000000E F041 0104       ORR              R1, R1, #1<<2 ; GPIOD->MODER |=
                                                             (1<<2) for Pin 1
   30 00000012 6001            STR              R1, [R0]
   31 00000014         
   32 00000014         ; Configure GPIOD Pin 1 as Push-Pull
   33 00000014 4812            LDR              R0, =GPIOD_OTYPER



ARM Macro Assembler    Page 2 


   34 00000016 6801            LDR              R1, [R0]
   35 00000018 F021 0102       BIC              R1, R1, #1<<1 ; GPIOD->OTYPER &
                                                            = ~(1<<1)
   36 0000001C 6001            STR              R1, [R0]
   37 0000001E         
   38 0000001E         ; Configure GPIOD Pin 2 as Input
   39 0000001E 480F            LDR              R0, =GPIOD_MODER
   40 00000020 6801            LDR              R1, [R0]
   41 00000022 F021 0130       BIC              R1, R1, #3<<4 ; GPIOD->MODER &=
                                                             ~(3<<4) for Pin 2
   42 00000026 6001            STR              R1, [R0]
   43 00000028         
   44 00000028         ; Configure Pull-Up for GPIOD Pin 2
   45 00000028 480E            LDR              R0, =GPIOD_PUPDR
   46 0000002A 6801            LDR              R1, [R0]
   47 0000002C F021 0130       BIC              R1, R1, #3<<4 ; Clear Pull-Up/P
                                                            ull-Down bits for P
                                                            in 2
   48 00000030 F041 0110       ORR              R1, R1, #1<<4 ; Set Pull-Up for
                                                             Pin 2
   49 00000034 6001            STR              R1, [R0]
   50 00000036         
   51 00000036         LOOP
   52 00000036         ; TURN ON
   53 00000036 480C            LDR              R0, =GPIOD_ODR
   54 00000038 F240 0102       MOVW             R1, #1<<1
   55 0000003C 6001            STR              R1, [R0]
   56 0000003E         
   57 0000003E         ; Delay Loop
   58 0000003E 4A0B            LDR              R2, =ONESECOND
   59 00000040         DELAY
   60 00000040 1E52            SUBS             R2, R2, #1
   61 00000042 D1FD            BNE              DELAY
   62 00000044         ;TURN OFF
   63 00000044 4A08            LDR              R2,=GPIOD_ODR
   64 00000046 6801            LDR              R1,[R0]
   65 00000048 F021 0102       BIC              R1,R1,#1<<1
   66 0000004C 6011            STR              R1,[R2]
   67 0000004E 4A07            LDR              R2, =ONESECOND
   68 00000050         DELAY1
   69 00000050 1E52            SUBS             R2, R2, #1
   70 00000052 D1FD            BNE              DELAY1
   71 00000054 E7EF            B                LOOP
   72 00000056 00 00           ALIGN
   73 00000058                 END
              40023830 
              40020C00 
              40020C04 
              40020C0C 
              40020C14 
              000F4240 
Command Line: --debug --xref --diag_suppress=9931 --cpu=Cortex-M4.fp.sp --apcs=
interwork --depend=.\objects\main.d -o.\objects\main.o -I.\RTE\_CortexM4 -I"D:\
Keli C\ARM\CMSIS\5.7.0\CMSIS\Core\Include" -I"D:\Keli C\Keil\STM32F4xx_DFP\2.17
.1\Drivers\CMSIS\Device\ST\STM32F4xx\Include" --predefine="__EVAL SETA 1" --pre
define="__MICROLIB SETA 1" --predefine="__UVISION_VERSION SETA 531" --predefine
="_RTE_ SETA 1" --predefine="STM32F411xE SETA 1" --predefine="_RTE_ SETA 1" --l
ist=.\listings\main.lst main.s



ARM Macro Assembler    Page 1 Alphabetic symbol ordering
Relocatable symbols

.text 00000000

Symbol: .text
   Definitions
      At line 15 in file main.s
   Uses
      None
Comment: .text unused
DELAY 00000040

Symbol: DELAY
   Definitions
      At line 59 in file main.s
   Uses
      At line 61 in file main.s
Comment: DELAY used once
DELAY1 00000050

Symbol: DELAY1
   Definitions
      At line 68 in file main.s
   Uses
      At line 70 in file main.s
Comment: DELAY1 used once
LOOP 00000036

Symbol: LOOP
   Definitions
      At line 51 in file main.s
   Uses
      At line 71 in file main.s
Comment: LOOP used once
__main 00000000

Symbol: __main
   Definitions
      At line 19 in file main.s
   Uses
      At line 17 in file main.s
Comment: __main used once
5 symbols



ARM Macro Assembler    Page 1 Alphabetic symbol ordering
Absolute symbols

GPIOD_BASE 40020C00

Symbol: GPIOD_BASE
   Definitions
      At line 5 in file main.s
   Uses
      At line 6 in file main.s
      At line 7 in file main.s
      At line 8 in file main.s
      At line 9 in file main.s
      At line 10 in file main.s

GPIOD_MODER 40020C00

Symbol: GPIOD_MODER
   Definitions
      At line 6 in file main.s
   Uses
      At line 27 in file main.s
      At line 39 in file main.s

GPIOD_ODR 40020C14

Symbol: GPIOD_ODR
   Definitions
      At line 10 in file main.s
   Uses
      At line 53 in file main.s
      At line 63 in file main.s

GPIOD_OSPEEDR 40020C08

Symbol: GPIOD_OSPEEDR
   Definitions
      At line 8 in file main.s
   Uses
      None
Comment: GPIOD_OSPEEDR unused
GPIOD_OTYPER 40020C04

Symbol: GPIOD_OTYPER
   Definitions
      At line 7 in file main.s
   Uses
      At line 33 in file main.s
Comment: GPIOD_OTYPER used once
GPIOD_PUPDR 40020C0C

Symbol: GPIOD_PUPDR
   Definitions
      At line 9 in file main.s
   Uses
      At line 45 in file main.s
Comment: GPIOD_PUPDR used once
MODER15_OPP 40000000

Symbol: MODER15_OPP
   Definitions
      At line 12 in file main.s



ARM Macro Assembler    Page 2 Alphabetic symbol ordering
Absolute symbols

   Uses
      None
Comment: MODER15_OPP unused
ONESECOND 000F4240

Symbol: ONESECOND
   Definitions
      At line 13 in file main.s
   Uses
      At line 58 in file main.s
      At line 67 in file main.s

RCC_AHB1ENR 40023830

Symbol: RCC_AHB1ENR
   Definitions
      At line 3 in file main.s
   Uses
      At line 21 in file main.s
Comment: RCC_AHB1ENR used once
RCC_AHB1ENR_OFFSET 00000030

Symbol: RCC_AHB1ENR_OFFSET
   Definitions
      At line 2 in file main.s
   Uses
      At line 3 in file main.s
Comment: RCC_AHB1ENR_OFFSET used once
RCC_BASE 40023800

Symbol: RCC_BASE
   Definitions
      At line 1 in file main.s
   Uses
      At line 3 in file main.s
Comment: RCC_BASE used once
11 symbols
354 symbols in table
